[1.018s] Invoking command in '/workspace/ros2_ws/src/py_pubsub': PYTHONPATH=/workspace/ros2_ws/src/build/py_pubsub/prefix_override:/usr/lib/python3/dist-packages/colcon_core/task/python/colcon_distutils_commands:/workspace/ros2_ws/src/install/lib/python3.12/site-packages:${PYTHONPATH} /usr/bin/python3 -W ignore:setup.py install is deprecated -W ignore:easy_install command is deprecated setup.py egg_info --egg-base ../build/py_pubsub build --build-base /workspace/ros2_ws/src/build/py_pubsub/build install --record /workspace/ros2_ws/src/build/py_pubsub/install.log --single-version-externally-managed install_data
[1.222s] running egg_info
[1.222s] creating ../build/py_pubsub/py_pubsub.egg-info
[1.234s] writing ../build/py_pubsub/py_pubsub.egg-info/PKG-INFO
[1.234s] writing dependency_links to ../build/py_pubsub/py_pubsub.egg-info/dependency_links.txt
[1.234s] writing entry points to ../build/py_pubsub/py_pubsub.egg-info/entry_points.txt
[1.234s] writing requirements to ../build/py_pubsub/py_pubsub.egg-info/requires.txt
[1.235s] writing top-level names to ../build/py_pubsub/py_pubsub.egg-info/top_level.txt
[1.235s] writing manifest file '../build/py_pubsub/py_pubsub.egg-info/SOURCES.txt'
[1.259s] reading manifest file '../build/py_pubsub/py_pubsub.egg-info/SOURCES.txt'
[1.259s] adding license file 'LICENSE'
[1.260s] writing manifest file '../build/py_pubsub/py_pubsub.egg-info/SOURCES.txt'
[1.260s] running build
[1.260s] running build_py
[1.260s] creating /workspace/ros2_ws/src/build/py_pubsub/build
[1.260s] creating /workspace/ros2_ws/src/build/py_pubsub/build/lib
[1.260s] creating /workspace/ros2_ws/src/build/py_pubsub/build/lib/py_pubsub
[1.261s] copying py_pubsub/publisher_member_function.py -> /workspace/ros2_ws/src/build/py_pubsub/build/lib/py_pubsub
[1.268s] copying py_pubsub/subscriber_member_function.py -> /workspace/ros2_ws/src/build/py_pubsub/build/lib/py_pubsub
[1.269s] copying py_pubsub/__init__.py -> /workspace/ros2_ws/src/build/py_pubsub/build/lib/py_pubsub
[1.269s] running install
[1.274s] running install_lib
[1.285s] creating /workspace/ros2_ws/src/install/lib/python3.12/site-packages/py_pubsub
[1.285s] copying /workspace/ros2_ws/src/build/py_pubsub/build/lib/py_pubsub/publisher_member_function.py -> /workspace/ros2_ws/src/install/lib/python3.12/site-packages/py_pubsub
[1.285s] copying /workspace/ros2_ws/src/build/py_pubsub/build/lib/py_pubsub/subscriber_member_function.py -> /workspace/ros2_ws/src/install/lib/python3.12/site-packages/py_pubsub
[1.286s] copying /workspace/ros2_ws/src/build/py_pubsub/build/lib/py_pubsub/__init__.py -> /workspace/ros2_ws/src/install/lib/python3.12/site-packages/py_pubsub
[1.286s] byte-compiling /workspace/ros2_ws/src/install/lib/python3.12/site-packages/py_pubsub/publisher_member_function.py to publisher_member_function.cpython-312.pyc
[1.287s] byte-compiling /workspace/ros2_ws/src/install/lib/python3.12/site-packages/py_pubsub/subscriber_member_function.py to subscriber_member_function.cpython-312.pyc
[1.288s] byte-compiling /workspace/ros2_ws/src/install/lib/python3.12/site-packages/py_pubsub/__init__.py to __init__.cpython-312.pyc
[1.288s] running install_data
[1.288s] creating /workspace/ros2_ws/src/install/share/ament_index
[1.289s] creating /workspace/ros2_ws/src/install/share/ament_index/resource_index
[1.289s] creating /workspace/ros2_ws/src/install/share/ament_index/resource_index/packages
[1.289s] copying resource/py_pubsub -> /workspace/ros2_ws/src/install/share/ament_index/resource_index/packages
[1.289s] copying package.xml -> /workspace/ros2_ws/src/install/share/py_pubsub
[1.289s] running install_egg_info
[1.301s] Copying ../build/py_pubsub/py_pubsub.egg-info to /workspace/ros2_ws/src/install/lib/python3.12/site-packages/py_pubsub-0.0.0-py3.12.egg-info
[1.302s] running install_scripts
[1.400s] Installing listener script to /workspace/ros2_ws/src/install/lib/py_pubsub
[1.401s] Installing talker script to /workspace/ros2_ws/src/install/lib/py_pubsub
[1.402s] writing list of installed files to '/workspace/ros2_ws/src/build/py_pubsub/install.log'
[1.442s] Invoked command in '/workspace/ros2_ws/src/py_pubsub' returned '0': PYTHONPATH=/workspace/ros2_ws/src/build/py_pubsub/prefix_override:/usr/lib/python3/dist-packages/colcon_core/task/python/colcon_distutils_commands:/workspace/ros2_ws/src/install/lib/python3.12/site-packages:${PYTHONPATH} /usr/bin/python3 -W ignore:setup.py install is deprecated -W ignore:easy_install command is deprecated setup.py egg_info --egg-base ../build/py_pubsub build --build-base /workspace/ros2_ws/src/build/py_pubsub/build install --record /workspace/ros2_ws/src/build/py_pubsub/install.log --single-version-externally-managed install_data
